2026-02-13T16:28:31.163Z twitter read 4 items (default)
2026-02-13T16:28:31.168Z [
  {
    "readAt": "2026-02-13T16:28:31.159Z",
    "repost": "Hwang reposted",
    "userName": "Eike Drescher",
    "handle": "@eikedrescher",
    "verified": true,
    "tweetId": "2022259933887050206",
    "timestampISO": "2026-02-13T10:41:54.000Z",
    "timestampLabel": "5h",
    "content": "Today, \n@joinbento\n was shut down\n\nGoodbye Bento",
    "images": [],
    "videoPoster": null,
    "metrics": {
      "replies": "18",
      "reposts": "10",
      "likes": "141",
      "views": "12935"
    }
  },
  {
    "readAt": "2026-02-13T16:28:31.160Z",
    "repost": null,
    "userName": "61",
    "handle": "@liuyi0922",
    "verified": true,
    "tweetId": "2022329695006797960",
    "timestampISO": "2026-02-13T15:19:07.000Z",
    "timestampLabel": "1h",
    "content": "Dtd Playlist 周更歌单都挺好听的",
    "images": [],
    "videoPoster": null,
    "metrics": {
      "replies": "0",
      "reposts": "0",
      "likes": "1",
      "views": "541"
    }
  },
  {
    "readAt": "2026-02-13T16:28:31.160Z",
    "repost": null,
    "userName": "Simon Willison",
    "handle": "@simonw",
    "verified": true,
    "tweetId": "2022329663096508853",
    "timestampISO": "2026-02-13T15:18:59.000Z",
    "timestampLabel": "1h",
    "content": "I hadn't thought about this, but it's true: we need to redesign how a lot of education works now that we can't evaluate student progress with essays and tests... but it takes years to reliably measure the real-world impact of any new changes we try",
    "images": [],
    "videoPoster": null,
    "metrics": {
      "replies": "5",
      "reposts": "0",
      "likes": "37",
      "views": "4220"
    }
  },
  {
    "readAt": "2026-02-13T16:28:31.160Z",
    "repost": null,
    "userName": "Hwang",
    "handle": "@hwwaanng",
    "verified": true,
    "tweetId": "2022325669850661360",
    "timestampISO": "2026-02-13T15:03:07.000Z",
    "timestampLabel": "1h",
    "content": "1970 人的交易成本",
    "images": [],
    "videoPoster": null,
    "metrics": {
      "replies": "1",
      "reposts": "0",
      "likes": "0",
      "views": "726"
    }
  }
]
