[     179ms] [INFO] %cDownload the React DevTools for a better development experience: https://reactjs.org/link/react-devtools font-weight:bold @ http://localhost:1234/components.1f35c4f0.js:24507
[     249ms] [ERROR] Warning: validateDOMNesting(...): %s cannot appear as a descendant of <%s>.%s <button> button 
    at button
    at Button (http://localhost:1234/components.1f35c4f0.js:25442:13)
    at MyButton (http://localhost:1234/components.1f35c4f0.js:25392:21)
    at button
    at FastComponent (http://localhost:1234/components.1f35c4f0.js:37776:61)
    at FastComponent (http://localhost:1234/components.1f35c4f0.js:37776:61)
    at FloatingDelayGroup (http://localhost:1234/components.1f35c4f0.js:38887:13)
    at TooltipProvider (http://localhost:1234/components.1f35c4f0.js:53893:13)
    at MyTooltip (http://localhost:1234/components.1f35c4f0.js:52876:22)
    at div
    at section
    at main
    at App @ http://localhost:1234/components.1f35c4f0.js:27689
[     250ms] [ERROR] Warning: React does not recognize the `%s` prop on a DOM element. If you intentionally want it to appear in the DOM as a custom attribute, spell it as lowercase `%s` instead. If you accidentally passed it from a parent component, remove it from the DOM element.%s asChild aschild 
    at button
    at FastComponent (http://localhost:1234/components.1f35c4f0.js:37776:61)
    at FastComponent (http://localhost:1234/components.1f35c4f0.js:37776:61)
    at FloatingDelayGroup (http://localhost:1234/components.1f35c4f0.js:38887:13)
    at TooltipProvider (http://localhost:1234/components.1f35c4f0.js:53893:13)
    at MyTooltip (http://localhost:1234/components.1f35c4f0.js:52876:22)
    at div
    at section
    at main
    at App @ http://localhost:1234/components.1f35c4f0.js:27689
[   40668ms] [WARNING] [parcel] 🚨 Connection to the HMR server was lost @ http://localhost:1234/components.1f35c4f0.js:356
