[      59ms] [ERROR] Error: Minified React error #137; visit https://reactjs.org/docs/error-decoder.html?invariant=137&args[]=input for the full message or use the non-minified dev environment for full errors and additional helpful warnings.
    at eM (http://localhost:36951/components.9a80428c.js:1:22272)
    at http://localhost:36951/components.9a80428c.js:1:111327
    at iG (http://localhost:36951/components.9a80428c.js:1:115381)
    at iX (http://localhost:36951/components.9a80428c.js:1:108336)
    at iY (http://localhost:36951/components.9a80428c.js:1:108146)
    at iI (http://localhost:36951/components.9a80428c.js:1:104917)
    at iD (http://localhost:36951/components.9a80428c.js:1:103472)
    at $ (http://localhost:36951/components.9a80428c.js:1:140091)
    at MessagePort.X (http://localhost:36951/components.9a80428c.js:1:140574) @ http://localhost:36951/components.9a80428c.js:0
[      61ms] Error: Minified React error #137; visit https://reactjs.org/docs/error-decoder.html?invariant=137&args[]=input for the full message or use the non-minified dev environment for full errors and additional helpful warnings.
    at eM (http://localhost:36951/components.9a80428c.js:1:22272)
    at http://localhost:36951/components.9a80428c.js:1:111327
    at iG (http://localhost:36951/components.9a80428c.js:1:115381)
    at iX (http://localhost:36951/components.9a80428c.js:1:108336)
    at iY (http://localhost:36951/components.9a80428c.js:1:108146)
    at iI (http://localhost:36951/components.9a80428c.js:1:104917)
    at iD (http://localhost:36951/components.9a80428c.js:1:103472)
    at $ (http://localhost:36951/components.9a80428c.js:1:140091)
    at MessagePort.X (http://localhost:36951/components.9a80428c.js:1:140574)
