[      26ms] [INFO] %cDownload the React DevTools for a better development experience: https://reactjs.org/link/react-devtools font-weight:bold @ http://localhost:1234/app.37ce8466.js:24547
[   38059ms] [LOG] accent-bg-color: #3584e4 @ :2
[   44609ms] [LOG] preview element: JSHandle@node @ :2
[   44609ms] [LOG] data-bg attr: accent-bg-color @ :3
[   44609ms] [LOG] style background: rgb(53, 132, 228) @ :4
[   54838ms] [LOG] 0 rgb(53, 132, 228) accent-bg-color @ :4
[   54838ms] [LOG] 1 rgb(255, 255, 255) accent-fg-color @ :4
[   54838ms] [LOG] 2 rgb(4, 97, 190) accent-color @ :4
[   65419ms] [INFO] %cDownload the React DevTools for a better development experience: https://reactjs.org/link/react-devtools font-weight:bold @ http://localhost:1234/app.37ce8466.js:24555
[   65456ms] [LOG] Running token value extraction... @ http://localhost:1234/app.37ce8466.js:736
[   65457ms] [LOG] [data-var] accent-bg-color: #3584e4 @ http://localhost:1234/app.37ce8466.js:742
[   65457ms] [LOG] [data-var] accent-fg-color: #fff @ http://localhost:1234/app.37ce8466.js:742
[   65457ms] [LOG] [data-var] accent-color: #81d0ff @ http://localhost:1234/app.37ce8466.js:742
[   65457ms] [LOG] [data-var] accent-blue: #3584e4 @ http://localhost:1234/app.37ce8466.js:742
[   65457ms] [LOG] [data-var] accent-teal: #2190a4 @ http://localhost:1234/app.37ce8466.js:742
[   65457ms] [LOG] [data-var] accent-green: #3a944a @ http://localhost:1234/app.37ce8466.js:742
[   65458ms] [LOG] [data-var] accent-yellow: #c88800 @ http://localhost:1234/app.37ce8466.js:742
[   65458ms] [LOG] [data-var] accent-orange: #ed5b00 @ http://localhost:1234/app.37ce8466.js:742
[   65458ms] [LOG] [data-var] accent-red: #e62d42 @ http://localhost:1234/app.37ce8466.js:742
[   65458ms] [LOG] [data-var] accent-pink: #d56199 @ http://localhost:1234/app.37ce8466.js:742
[   65458ms] [LOG] [data-var] accent-purple: #9141ac @ http://localhost:1234/app.37ce8466.js:742
[   65458ms] [LOG] [data-var] accent-slate: #6f8396 @ http://localhost:1234/app.37ce8466.js:742
[   65458ms] [LOG] [data-var] success-bg-color: #26a269 @ http://localhost:1234/app.37ce8466.js:742
[   65458ms] [LOG] [data-var] success-fg-color: #fff @ http://localhost:1234/app.37ce8466.js:742
[   65458ms] [LOG] [data-var] success-color: #78e9ab @ http://localhost:1234/app.37ce8466.js:742
[   65458ms] [LOG] [data-var] warning-bg-color: #cd9309 @ http://localhost:1234/app.37ce8466.js:742
[   65458ms] [LOG] [data-var] warning-fg-color: #000c @ http://localhost:1234/app.37ce8466.js:742
[   65458ms] [LOG] [data-var] warning-color: #ffc252 @ http://localhost:1234/app.37ce8466.js:742
[   65459ms] [LOG] [data-var] error-bg-color: #c01c28 @ http://localhost:1234/app.37ce8466.js:742
[   65459ms] [LOG] [data-var] error-fg-color: #fff @ http://localhost:1234/app.37ce8466.js:742
[   65459ms] [LOG] [data-var] error-color: #ff938c @ http://localhost:1234/app.37ce8466.js:742
[   65459ms] [LOG] [data-var] destructive-bg-color: #c01c28 @ http://localhost:1234/app.37ce8466.js:742
[   65459ms] [LOG] [data-var] destructive-fg-color: #fff @ http://localhost:1234/app.37ce8466.js:742
[   65459ms] [LOG] [data-var] destructive-color: #ff938c @ http://localhost:1234/app.37ce8466.js:742
[   65459ms] [LOG] [data-var] window-bg-color: #222226 @ http://localhost:1234/app.37ce8466.js:742
[   65459ms] [LOG] [data-var] window-fg-color: #fff @ http://localhost:1234/app.37ce8466.js:742
[   65459ms] [LOG] [data-var] view-bg-color: #1d1d20 @ http://localhost:1234/app.37ce8466.js:742
[   65459ms] [LOG] [data-var] view-fg-color: #fff @ http://localhost:1234/app.37ce8466.js:742
[   65459ms] [LOG] [data-var] headerbar-bg-color: #2e2e32 @ http://localhost:1234/app.37ce8466.js:742
[   65459ms] [LOG] [data-var] headerbar-fg-color: #fff @ http://localhost:1234/app.37ce8466.js:742
[   65459ms] [LOG] [data-var] headerbar-shade-color: #0000065c @ http://localhost:1234/app.37ce8466.js:742
[   65459ms] [LOG] [data-var] sidebar-bg-color: #2e2e32 @ http://localhost:1234/app.37ce8466.js:742
[   65459ms] [LOG] [data-var] sidebar-fg-color: #fff @ http://localhost:1234/app.37ce8466.js:742
[   65459ms] [LOG] [data-var] sidebar-border-color: #0000065c @ http://localhost:1234/app.37ce8466.js:742
[   65459ms] [LOG] [data-var] card-bg-color: #ffffff14 @ http://localhost:1234/app.37ce8466.js:742
[   65460ms] [LOG] [data-var] card-fg-color: #fff @ http://localhost:1234/app.37ce8466.js:742
[   65460ms] [LOG] [data-var] card-shade-color: #0000065c @ http://localhost:1234/app.37ce8466.js:742
[   65460ms] [LOG] [data-var] dialog-bg-color: #36363a @ http://localhost:1234/app.37ce8466.js:742
[   65460ms] [LOG] [data-var] popover-bg-color: #36363a @ http://localhost:1234/app.37ce8466.js:742
[   65460ms] [LOG] [data-var] popover-shade-color: #00000640 @ http://localhost:1234/app.37ce8466.js:742
[   65460ms] [LOG] [data-var] blue-1: #99c1f1 @ http://localhost:1234/app.37ce8466.js:742
[   65460ms] [LOG] [data-var] blue-2: #62a0ea @ http://localhost:1234/app.37ce8466.js:742
[   65460ms] [LOG] [data-var] blue-3: #3584e4 @ http://localhost:1234/app.37ce8466.js:742
[   65460ms] [LOG] [data-var] blue-4: #1c71d8 @ http://localhost:1234/app.37ce8466.js:742
[   65460ms] [LOG] [data-var] blue-5: #1a5fb4 @ http://localhost:1234/app.37ce8466.js:742
[   65460ms] [LOG] [data-var] green-1: #8ff0a4 @ http://localhost:1234/app.37ce8466.js:742
[   65460ms] [LOG] [data-var] green-2: #57e389 @ http://localhost:1234/app.37ce8466.js:742
[   65460ms] [LOG] [data-var] green-3: #33d17a @ http://localhost:1234/app.37ce8466.js:742
[   65460ms] [LOG] [data-var] green-4: #2ec27e @ http://localhost:1234/app.37ce8466.js:742
[   65460ms] [LOG] [data-var] green-5: #26a269 @ http://localhost:1234/app.37ce8466.js:742
[   65460ms] [LOG] [data-var] yellow-1: #f9f06b @ http://localhost:1234/app.37ce8466.js:742
[   65461ms] [LOG] [data-var] yellow-2: #f8e45c @ http://localhost:1234/app.37ce8466.js:742
[   65461ms] [LOG] [data-var] yellow-3: #f6d32d @ http://localhost:1234/app.37ce8466.js:742
[   65461ms] [LOG] [data-var] yellow-4: #f5c211 @ http://localhost:1234/app.37ce8466.js:742
[   65461ms] [LOG] [data-var] yellow-5: #e5a50a @ http://localhost:1234/app.37ce8466.js:742
[   65461ms] [LOG] [data-var] orange-1: #ffbe6f @ http://localhost:1234/app.37ce8466.js:742
[   65461ms] [LOG] [data-var] orange-2: #ffa348 @ http://localhost:1234/app.37ce8466.js:742
[   65461ms] [LOG] [data-var] orange-3: #ff7800 @ http://localhost:1234/app.37ce8466.js:742
[   65461ms] [LOG] [data-var] orange-4: #e66100 @ http://localhost:1234/app.37ce8466.js:742
[   65461ms] [LOG] [data-var] orange-5: #c64600 @ http://localhost:1234/app.37ce8466.js:742
[   65461ms] [LOG] [data-var] red-1: #f66151 @ http://localhost:1234/app.37ce8466.js:742
[   65461ms] [LOG] [data-var] red-2: #ed333b @ http://localhost:1234/app.37ce8466.js:742
[   65461ms] [LOG] [data-var] red-3: #e01b24 @ http://localhost:1234/app.37ce8466.js:742
[   65461ms] [LOG] [data-var] red-4: #c01c28 @ http://localhost:1234/app.37ce8466.js:742
[   65461ms] [LOG] [data-var] red-5: #a51d2d @ http://localhost:1234/app.37ce8466.js:742
[   65462ms] [LOG] [data-var] purple-1: #dc8add @ http://localhost:1234/app.37ce8466.js:742
[   65462ms] [LOG] [data-var] purple-2: #c061cb @ http://localhost:1234/app.37ce8466.js:742
[   65462ms] [LOG] [data-var] purple-3: #9141ac @ http://localhost:1234/app.37ce8466.js:742
[   65462ms] [LOG] [data-var] purple-4: #813d9c @ http://localhost:1234/app.37ce8466.js:742
[   65462ms] [LOG] [data-var] purple-5: #613583 @ http://localhost:1234/app.37ce8466.js:742
[   65462ms] [LOG] [data-var] light-1: #fff @ http://localhost:1234/app.37ce8466.js:742
[   65462ms] [LOG] [data-var] light-2: #f6f5f4 @ http://localhost:1234/app.37ce8466.js:742
[   65462ms] [LOG] [data-var] light-3: #deddda @ http://localhost:1234/app.37ce8466.js:742
[   65462ms] [LOG] [data-var] light-4: #c0bfbc @ http://localhost:1234/app.37ce8466.js:742
[   65462ms] [LOG] [data-var] light-5: #9a9996 @ http://localhost:1234/app.37ce8466.js:742
[   65462ms] [LOG] [data-var] dark-1: #77767b @ http://localhost:1234/app.37ce8466.js:742
[   65463ms] [LOG] [data-var] dark-2: #5e5c64 @ http://localhost:1234/app.37ce8466.js:742
[   65463ms] [LOG] [data-var] dark-3: #3d3846 @ http://localhost:1234/app.37ce8466.js:742
[   65463ms] [LOG] [data-var] dark-4: #241f31 @ http://localhost:1234/app.37ce8466.js:742
[   65463ms] [LOG] [data-var] dark-5: #000 @ http://localhost:1234/app.37ce8466.js:742
[   65463ms] [LOG] [data-var] border-opacity: 50% @ http://localhost:1234/app.37ce8466.js:742
[   65463ms] [LOG] [data-var] dim-opacity: 90% @ http://localhost:1234/app.37ce8466.js:742
[   65463ms] [LOG] [data-var] disabled-opacity: 40% @ http://localhost:1234/app.37ce8466.js:742
[   65463ms] [LOG] [data-var] window-radius: 15px @ http://localhost:1234/app.37ce8466.js:742
[   65463ms] [LOG] [data-var] focus-ring-color: #3584e480 @ http://localhost:1234/app.37ce8466.js:742
[   65463ms] [LOG] [data-var] focus-ring-width: 2px @ http://localhost:1234/app.37ce8466.js:742
[   65463ms] [LOG] [data-var] focus-ring-offset: -2px @ http://localhost:1234/app.37ce8466.js:742
[   65463ms] [LOG] [data-var] size-button-mini: 18px @ http://localhost:1234/app.37ce8466.js:742
[   65463ms] [LOG] [data-var] size-button-small: 22px @ http://localhost:1234/app.37ce8466.js:742
[   65463ms] [LOG] [data-var] size-button-medium: 28px @ http://localhost:1234/app.37ce8466.js:742
[   65464ms] [LOG] [data-var] size-button-large: 36px @ http://localhost:1234/app.37ce8466.js:742
[   65464ms] [LOG] [data-var] size-button-huge: 42px @ http://localhost:1234/app.37ce8466.js:742
[   65464ms] [LOG] [data-var] size-button-mega: 58px @ http://localhost:1234/app.37ce8466.js:742
[   65464ms] [LOG] [data-var] input-height: 28px @ http://localhost:1234/app.37ce8466.js:742
[   65464ms] [LOG] [data-var] input-padding: 8px @ http://localhost:1234/app.37ce8466.js:742
[   65464ms] [LOG] [data-var] input-radius: 5px @ http://localhost:1234/app.37ce8466.js:742
[   65464ms] [LOG] [data-var] scrollbar-width: 8px @ http://localhost:1234/app.37ce8466.js:742
[   65464ms] [LOG] [data-var] scrollbar-thumb: #bbb @ http://localhost:1234/app.37ce8466.js:742
[   65464ms] [LOG] [data-var] scrollbar-thumb-hover: #999 @ http://localhost:1234/app.37ce8466.js:742
[   65464ms] [LOG] [data-var] scrollbar-thumb-active: #888 @ http://localhost:1234/app.37ce8466.js:742
[   65464ms] [LOG] [data-var] text-secondary: #a0a0a0 @ http://localhost:1234/app.37ce8466.js:742
[   65464ms] [LOG] [data-var] text-dimmed: #ffffff8c @ http://localhost:1234/app.37ce8466.js:742
[   65464ms] [LOG] [data-var] btn-bg: #464646 @ http://localhost:1234/app.37ce8466.js:742
[   65464ms] [LOG] [data-var] btn-hover: #5a5a5a @ http://localhost:1234/app.37ce8466.js:742
[   65464ms] [LOG] [data-var] btn-pressed: #3a3a3a @ http://localhost:1234/app.37ce8466.js:742
[   65465ms] [LOG] [data-var] btn-border: #1e1e20 @ http://localhost:1234/app.37ce8466.js:742
[   65465ms] [LOG] [data-bg] accent-bg-color: #3584e4 @ http://localhost:1234/app.37ce8466.js:750
[   65465ms] [LOG] [data-bg] accent-fg-color: #fff @ http://localhost:1234/app.37ce8466.js:750
[   65465ms] [LOG] [data-bg] accent-color: #81d0ff @ http://localhost:1234/app.37ce8466.js:750
[   65465ms] [LOG] [data-bg] accent-blue: #3584e4 @ http://localhost:1234/app.37ce8466.js:750
[   65465ms] [LOG] [data-bg] accent-teal: #2190a4 @ http://localhost:1234/app.37ce8466.js:750
[   65465ms] [LOG] [data-bg] accent-green: #3a944a @ http://localhost:1234/app.37ce8466.js:750
[   65465ms] [LOG] [data-bg] accent-yellow: #c88800 @ http://localhost:1234/app.37ce8466.js:750
[   65465ms] [LOG] [data-bg] accent-orange: #ed5b00 @ http://localhost:1234/app.37ce8466.js:750
[   65465ms] [LOG] [data-bg] accent-red: #e62d42 @ http://localhost:1234/app.37ce8466.js:750
[   65465ms] [LOG] [data-bg] accent-pink: #d56199 @ http://localhost:1234/app.37ce8466.js:750
[   65465ms] [LOG] [data-bg] accent-purple: #9141ac @ http://localhost:1234/app.37ce8466.js:750
[   65466ms] [LOG] [data-bg] accent-slate: #6f8396 @ http://localhost:1234/app.37ce8466.js:750
[   65466ms] [LOG] [data-bg] success-bg-color: #26a269 @ http://localhost:1234/app.37ce8466.js:750
[   65466ms] [LOG] [data-bg] success-fg-color: #fff @ http://localhost:1234/app.37ce8466.js:750
[   65466ms] [LOG] [data-bg] success-color: #78e9ab @ http://localhost:1234/app.37ce8466.js:750
[   65466ms] [LOG] [data-bg] warning-bg-color: #cd9309 @ http://localhost:1234/app.37ce8466.js:750
[   65466ms] [LOG] [data-bg] warning-fg-color: #000c @ http://localhost:1234/app.37ce8466.js:750
[   65466ms] [LOG] [data-bg] warning-color: #ffc252 @ http://localhost:1234/app.37ce8466.js:750
[   65466ms] [LOG] [data-bg] error-bg-color: #c01c28 @ http://localhost:1234/app.37ce8466.js:750
[   65466ms] [LOG] [data-bg] error-fg-color: #fff @ http://localhost:1234/app.37ce8466.js:750
[   65466ms] [LOG] [data-bg] error-color: #ff938c @ http://localhost:1234/app.37ce8466.js:750
[   65466ms] [LOG] [data-bg] destructive-bg-color: #c01c28 @ http://localhost:1234/app.37ce8466.js:750
[   65466ms] [LOG] [data-bg] destructive-fg-color: #fff @ http://localhost:1234/app.37ce8466.js:750
[   65466ms] [LOG] [data-bg] destructive-color: #ff938c @ http://localhost:1234/app.37ce8466.js:750
[   65466ms] [LOG] [data-bg] window-bg-color: #222226 @ http://localhost:1234/app.37ce8466.js:750
[   65467ms] [LOG] [data-bg] window-fg-color: #fff @ http://localhost:1234/app.37ce8466.js:750
[   65467ms] [LOG] [data-bg] view-bg-color: #1d1d20 @ http://localhost:1234/app.37ce8466.js:750
[   65467ms] [LOG] [data-bg] view-fg-color: #fff @ http://localhost:1234/app.37ce8466.js:750
[   65467ms] [LOG] [data-bg] headerbar-bg-color: #2e2e32 @ http://localhost:1234/app.37ce8466.js:750
[   65467ms] [LOG] [data-bg] headerbar-fg-color: #fff @ http://localhost:1234/app.37ce8466.js:750
[   65467ms] [LOG] [data-bg] headerbar-shade-color: #0000065c @ http://localhost:1234/app.37ce8466.js:750
[   65467ms] [LOG] [data-bg] sidebar-bg-color: #2e2e32 @ http://localhost:1234/app.37ce8466.js:750
[   65467ms] [LOG] [data-bg] sidebar-fg-color: #fff @ http://localhost:1234/app.37ce8466.js:750
[   65467ms] [LOG] [data-bg] sidebar-border-color: #0000065c @ http://localhost:1234/app.37ce8466.js:750
[   65467ms] [LOG] [data-bg] card-bg-color: #ffffff14 @ http://localhost:1234/app.37ce8466.js:750
[   65467ms] [LOG] [data-bg] card-fg-color: #fff @ http://localhost:1234/app.37ce8466.js:750
[   65467ms] [LOG] [data-bg] card-shade-color: #0000065c @ http://localhost:1234/app.37ce8466.js:750
[   65467ms] [LOG] [data-bg] dialog-bg-color: #36363a @ http://localhost:1234/app.37ce8466.js:750
[   65467ms] [LOG] [data-bg] popover-bg-color: #36363a @ http://localhost:1234/app.37ce8466.js:750
[   65467ms] [LOG] [data-bg] popover-shade-color: #00000640 @ http://localhost:1234/app.37ce8466.js:750
[   65467ms] [LOG] [data-bg] blue-1: #99c1f1 @ http://localhost:1234/app.37ce8466.js:750
[   65468ms] [LOG] [data-bg] blue-2: #62a0ea @ http://localhost:1234/app.37ce8466.js:750
[   65468ms] [LOG] [data-bg] blue-3: #3584e4 @ http://localhost:1234/app.37ce8466.js:750
[   65468ms] [LOG] [data-bg] blue-4: #1c71d8 @ http://localhost:1234/app.37ce8466.js:750
[   65468ms] [LOG] [data-bg] blue-5: #1a5fb4 @ http://localhost:1234/app.37ce8466.js:750
[   65468ms] [LOG] [data-bg] green-1: #8ff0a4 @ http://localhost:1234/app.37ce8466.js:750
[   65468ms] [LOG] [data-bg] green-2: #57e389 @ http://localhost:1234/app.37ce8466.js:750
[   65468ms] [LOG] [data-bg] green-3: #33d17a @ http://localhost:1234/app.37ce8466.js:750
[   65468ms] [LOG] [data-bg] green-4: #2ec27e @ http://localhost:1234/app.37ce8466.js:750
[   65468ms] [LOG] [data-bg] green-5: #26a269 @ http://localhost:1234/app.37ce8466.js:750
[   65469ms] [LOG] [data-bg] yellow-1: #f9f06b @ http://localhost:1234/app.37ce8466.js:750
[   65469ms] [LOG] [data-bg] yellow-2: #f8e45c @ http://localhost:1234/app.37ce8466.js:750
[   65469ms] [LOG] [data-bg] yellow-3: #f6d32d @ http://localhost:1234/app.37ce8466.js:750
[   65469ms] [LOG] [data-bg] yellow-4: #f5c211 @ http://localhost:1234/app.37ce8466.js:750
[   65469ms] [LOG] [data-bg] yellow-5: #e5a50a @ http://localhost:1234/app.37ce8466.js:750
[   65469ms] [LOG] [data-bg] orange-1: #ffbe6f @ http://localhost:1234/app.37ce8466.js:750
[   65469ms] [LOG] [data-bg] orange-2: #ffa348 @ http://localhost:1234/app.37ce8466.js:750
[   65469ms] [LOG] [data-bg] orange-3: #ff7800 @ http://localhost:1234/app.37ce8466.js:750
[   65469ms] [LOG] [data-bg] orange-4: #e66100 @ http://localhost:1234/app.37ce8466.js:750
[   65469ms] [LOG] [data-bg] orange-5: #c64600 @ http://localhost:1234/app.37ce8466.js:750
[   65469ms] [LOG] [data-bg] red-1: #f66151 @ http://localhost:1234/app.37ce8466.js:750
[   65469ms] [LOG] [data-bg] red-2: #ed333b @ http://localhost:1234/app.37ce8466.js:750
[   65469ms] [LOG] [data-bg] red-3: #e01b24 @ http://localhost:1234/app.37ce8466.js:750
[   65469ms] [LOG] [data-bg] red-4: #c01c28 @ http://localhost:1234/app.37ce8466.js:750
[   65469ms] [LOG] [data-bg] red-5: #a51d2d @ http://localhost:1234/app.37ce8466.js:750
[   65469ms] [LOG] [data-bg] purple-1: #dc8add @ http://localhost:1234/app.37ce8466.js:750
[   65469ms] [LOG] [data-bg] purple-2: #c061cb @ http://localhost:1234/app.37ce8466.js:750
[   65469ms] [LOG] [data-bg] purple-3: #9141ac @ http://localhost:1234/app.37ce8466.js:750
[   65469ms] [LOG] [data-bg] purple-4: #813d9c @ http://localhost:1234/app.37ce8466.js:750
[   65470ms] [LOG] [data-bg] purple-5: #613583 @ http://localhost:1234/app.37ce8466.js:750
[   65470ms] [LOG] [data-bg] light-1: #fff @ http://localhost:1234/app.37ce8466.js:750
[   65470ms] [LOG] [data-bg] light-2: #f6f5f4 @ http://localhost:1234/app.37ce8466.js:750
[   65470ms] [LOG] [data-bg] light-3: #deddda @ http://localhost:1234/app.37ce8466.js:750
[   65470ms] [LOG] [data-bg] light-4: #c0bfbc @ http://localhost:1234/app.37ce8466.js:750
[   65470ms] [LOG] [data-bg] light-5: #9a9996 @ http://localhost:1234/app.37ce8466.js:750
[   65470ms] [LOG] [data-bg] dark-1: #77767b @ http://localhost:1234/app.37ce8466.js:750
[   65470ms] [LOG] [data-bg] dark-2: #5e5c64 @ http://localhost:1234/app.37ce8466.js:750
[   65470ms] [LOG] [data-bg] dark-3: #3d3846 @ http://localhost:1234/app.37ce8466.js:750
[   65470ms] [LOG] [data-bg] dark-4: #241f31 @ http://localhost:1234/app.37ce8466.js:750
[   65470ms] [LOG] [data-bg] dark-5: #000 @ http://localhost:1234/app.37ce8466.js:750
[   65470ms] [LOG] [data-bg] focus-ring-color: #3584e480 @ http://localhost:1234/app.37ce8466.js:750
[   65470ms] [LOG] [data-bg] scrollbar-thumb: #bbb @ http://localhost:1234/app.37ce8466.js:750
[   65470ms] [LOG] [data-bg] scrollbar-thumb-hover: #999 @ http://localhost:1234/app.37ce8466.js:750
[   65470ms] [LOG] [data-bg] scrollbar-thumb-active: #888 @ http://localhost:1234/app.37ce8466.js:750
[   65470ms] [LOG] [data-bg] text-secondary: #a0a0a0 @ http://localhost:1234/app.37ce8466.js:750
[   65470ms] [LOG] [data-bg] text-dimmed: #ffffff8c @ http://localhost:1234/app.37ce8466.js:750
[   65470ms] [LOG] [data-bg] btn-bg: #464646 @ http://localhost:1234/app.37ce8466.js:750
[   65470ms] [LOG] [data-bg] btn-hover: #5a5a5a @ http://localhost:1234/app.37ce8466.js:750
[   65471ms] [LOG] [data-bg] btn-pressed: #3a3a3a @ http://localhost:1234/app.37ce8466.js:750
[   65471ms] [LOG] [data-bg] btn-border: #1e1e20 @ http://localhost:1234/app.37ce8466.js:750
[   65471ms] [LOG] [data-preview] focus-ring-width: 2px @ http://localhost:1234/app.37ce8466.js:758
[   65471ms] [LOG] [data-preview] focus-ring-offset: -2px @ http://localhost:1234/app.37ce8466.js:758
[   65471ms] [LOG] [data-preview] size-button-mini: 18px @ http://localhost:1234/app.37ce8466.js:758
[   65471ms] [LOG] [data-preview] size-button-small: 22px @ http://localhost:1234/app.37ce8466.js:758
[   65471ms] [LOG] [data-preview] size-button-medium: 28px @ http://localhost:1234/app.37ce8466.js:758
[   65471ms] [LOG] [data-preview] size-button-large: 36px @ http://localhost:1234/app.37ce8466.js:758
[   65471ms] [LOG] [data-preview] size-button-huge: 42px @ http://localhost:1234/app.37ce8466.js:758
[   65471ms] [LOG] [data-preview] size-button-mega: 58px @ http://localhost:1234/app.37ce8466.js:758
[   65471ms] [LOG] [data-preview] input-height: 28px @ http://localhost:1234/app.37ce8466.js:758
[   65471ms] [LOG] [data-preview] input-padding: 8px @ http://localhost:1234/app.37ce8466.js:758
[   65471ms] [LOG] [data-preview] input-radius: 5px @ http://localhost:1234/app.37ce8466.js:758
[   65472ms] [LOG] [data-preview] scrollbar-width: 8px @ http://localhost:1234/app.37ce8466.js:758
[   65472ms] [LOG] Done extracting token values @ http://localhost:1234/app.37ce8466.js:761
[   83434ms] [WARNING] [parcel] 🚨 Connection to the HMR server was lost @ http://localhost:1234/app.37ce8466.js:356
