[     144ms] [INFO] %cDownload the React DevTools for a better development experience: https://reactjs.org/link/react-devtools font-weight:bold @ http://localhost:3001/components.676d8258.js:24510
[  196558ms] [ERROR] Warning: React.jsx: type is invalid -- expected a string (for built-in components) or a class/function (for composite components) but got: %s.%s%s undefined  You likely forgot to export your component from the file it's defined in, or you might have mixed up default and named imports.

Check your code at Select.tsx:87. 
    at Listbox (http://localhost:3001/components.676d8258.js:79815:20)
    at div
    at FloatingFocusManager (http://localhost:3001/components.676d8258.js:32777:13)
    at SelectPopup (http://localhost:3001/components.676d8258.js:69448:13)
    at div
    at CompositeList (http://localhost:3001/components.676d8258.js:26801:13)
    at SelectPositioner (http://localhost:3001/components.676d8258.js:69216:13)
    at FloatingPortal (http://localhost:3001/components.676d8258.js:33590:13)
    at SelectPortal (http://localhost:3001/components.676d8258.js:69091:67)
    at Popup (http://localhost:3001/components.676d8258.js:79788:18)
    at div
    at SelectRoot (http://localhost:3001/components.676d8258.js:68211:13)
    at Root (http://localhost:3001/components.676d8258.js:79710:17)
    at div
    at div
    at section
    at div
    at App (http://localhost:3001/components.676d8258.js:25014:57) @ http://localhost:3001/components.676d8258.js:78275
[  196560ms] [ERROR] Warning: React.jsx: type is invalid -- expected a string (for built-in components) or a class/function (for composite components) but got: %s.%s%s undefined  You likely forgot to export your component from the file it's defined in, or you might have mixed up default and named imports.

Check your code at Select.tsx:87. 
    at Listbox (http://localhost:3001/components.676d8258.js:79815:20)
    at div
    at FloatingFocusManager (http://localhost:3001/components.676d8258.js:32777:13)
    at SelectPopup (http://localhost:3001/components.676d8258.js:69448:13)
    at div
    at CompositeList (http://localhost:3001/components.676d8258.js:26801:13)
    at SelectPositioner (http://localhost:3001/components.676d8258.js:69216:13)
    at FloatingPortal (http://localhost:3001/components.676d8258.js:33590:13)
    at SelectPortal (http://localhost:3001/components.676d8258.js:69091:67)
    at Popup (http://localhost:3001/components.676d8258.js:79788:18)
    at div
    at SelectRoot (http://localhost:3001/components.676d8258.js:68211:13)
    at Root (http://localhost:3001/components.676d8258.js:79710:17)
    at div
    at div
    at section
    at div
    at App (http://localhost:3001/components.676d8258.js:25014:57) @ http://localhost:3001/components.676d8258.js:78275
[  196562ms] Error: Element type is invalid: expected a string (for built-in components) or a class/function (for composite components) but got: undefined. You likely forgot to export your component from the file it's defined in, or you might have mixed up default and named imports.

Check the render method of `Listbox`.
    at createFiberFromTypeAndProps (http://localhost:3001/components.676d8258.js:23632:23)
    at createFiberFromElement (http://localhost:3001/components.676d8258.js:23647:21)
    at reconcileSingleElement (http://localhost:3001/components.676d8258.js:13756:33)
    at reconcileChildFibers (http://localhost:3001/components.676d8258.js:13801:49)
    at reconcileChildren (http://localhost:3001/components.676d8258.js:17530:32)
    at mountIndeterminateComponent (http://localhost:3001/components.676d8258.js:18169:13)
    at beginWork (http://localhost:3001/components.676d8258.js:19157:24)
    at HTMLUnknownElement.callCallback (http://localhost:3001/components.676d8258.js:6774:22)
    at Object.invokeGuardedCallbackDev (http://localhost:3001/components.676d8258.js:6808:22)
    at invokeGuardedCallback (http://localhost:3001/components.676d8258.js:6855:37)
    at beginWork$1 (http://localhost:3001/components.676d8258.js:23017:13)
    at performUnitOfWork (http://localhost:3001/components.676d8258.js:22433:20)
    at workLoopSync (http://localhost:3001/components.676d8258.js:22377:39)
    at renderRootSync (http://localhost:3001/components.676d8258.js:22360:13)
    at performSyncWorkOnRoot (http://localhost:3001/components.676d8258.js:22100:26)
    at flushSyncCallbacks (http://localhost:3001/components.676d8258.js:12457:35)
    at commitRootImpl (http://localhost:3001/components.676d8258.js:22698:9)
    at commitRoot (http://localhost:3001/components.676d8258.js:22524:13)
    at finishConcurrentRender (http://localhost:3001/components.676d8258.js:22032:17)
    at performConcurrentWorkOnRoot (http://localhost:3001/components.676d8258.js:21918:17)
    at workLoop (http://localhost:3001/components.676d8258.js:24721:44)
    at flushWork (http://localhost:3001/components.676d8258.js:24703:20)
    at MessagePort.performWorkUntilDeadline (http://localhost:3001/components.676d8258.js:24907:31)
[  196565ms] [ERROR] Warning: React.jsx: type is invalid -- expected a string (for built-in components) or a class/function (for composite components) but got: %s.%s%s undefined  You likely forgot to export your component from the file it's defined in, or you might have mixed up default and named imports.

Check your code at Select.tsx:87. 
    at Listbox (http://localhost:3001/components.676d8258.js:79815:20)
    at div
    at FloatingFocusManager (http://localhost:3001/components.676d8258.js:32777:13)
    at SelectPopup (http://localhost:3001/components.676d8258.js:69448:13)
    at div
    at CompositeList (http://localhost:3001/components.676d8258.js:26801:13)
    at SelectPositioner (http://localhost:3001/components.676d8258.js:69216:13)
    at FloatingPortal (http://localhost:3001/components.676d8258.js:33590:13)
    at SelectPortal (http://localhost:3001/components.676d8258.js:69091:67)
    at Popup (http://localhost:3001/components.676d8258.js:79788:18)
    at div
    at SelectRoot (http://localhost:3001/components.676d8258.js:68211:13)
    at Root (http://localhost:3001/components.676d8258.js:79710:17)
    at div
    at div
    at section
    at div
    at App (http://localhost:3001/components.676d8258.js:25014:57) @ http://localhost:3001/components.676d8258.js:78275
[  196568ms] [ERROR] Warning: React.jsx: type is invalid -- expected a string (for built-in components) or a class/function (for composite components) but got: %s.%s%s undefined  You likely forgot to export your component from the file it's defined in, or you might have mixed up default and named imports.

Check your code at Select.tsx:87. 
    at Listbox (http://localhost:3001/components.676d8258.js:79815:20)
    at div
    at FloatingFocusManager (http://localhost:3001/components.676d8258.js:32777:13)
    at SelectPopup (http://localhost:3001/components.676d8258.js:69448:13)
    at div
    at CompositeList (http://localhost:3001/components.676d8258.js:26801:13)
    at SelectPositioner (http://localhost:3001/components.676d8258.js:69216:13)
    at FloatingPortal (http://localhost:3001/components.676d8258.js:33590:13)
    at SelectPortal (http://localhost:3001/components.676d8258.js:69091:67)
    at Popup (http://localhost:3001/components.676d8258.js:79788:18)
    at div
    at SelectRoot (http://localhost:3001/components.676d8258.js:68211:13)
    at Root (http://localhost:3001/components.676d8258.js:79710:17)
    at div
    at div
    at section
    at div
    at App (http://localhost:3001/components.676d8258.js:25014:57) @ http://localhost:3001/components.676d8258.js:78275
[  196570ms] Error: Element type is invalid: expected a string (for built-in components) or a class/function (for composite components) but got: undefined. You likely forgot to export your component from the file it's defined in, or you might have mixed up default and named imports.

Check the render method of `Listbox`.
    at createFiberFromTypeAndProps (http://localhost:3001/components.676d8258.js:23632:23)
    at createFiberFromElement (http://localhost:3001/components.676d8258.js:23647:21)
    at reconcileSingleElement (http://localhost:3001/components.676d8258.js:13756:33)
    at reconcileChildFibers (http://localhost:3001/components.676d8258.js:13801:49)
    at reconcileChildren (http://localhost:3001/components.676d8258.js:17530:32)
    at mountIndeterminateComponent (http://localhost:3001/components.676d8258.js:18169:13)
    at beginWork (http://localhost:3001/components.676d8258.js:19157:24)
    at HTMLUnknownElement.callCallback (http://localhost:3001/components.676d8258.js:6774:22)
    at Object.invokeGuardedCallbackDev (http://localhost:3001/components.676d8258.js:6808:22)
    at invokeGuardedCallback (http://localhost:3001/components.676d8258.js:6855:37)
    at beginWork$1 (http://localhost:3001/components.676d8258.js:23017:13)
    at performUnitOfWork (http://localhost:3001/components.676d8258.js:22433:20)
    at workLoopSync (http://localhost:3001/components.676d8258.js:22377:39)
    at renderRootSync (http://localhost:3001/components.676d8258.js:22360:13)
    at recoverFromConcurrentError (http://localhost:3001/components.676d8258.js:21948:26)
    at performSyncWorkOnRoot (http://localhost:3001/components.676d8258.js:22109:30)
    at flushSyncCallbacks (http://localhost:3001/components.676d8258.js:12457:35)
    at commitRootImpl (http://localhost:3001/components.676d8258.js:22698:9)
    at commitRoot (http://localhost:3001/components.676d8258.js:22524:13)
    at finishConcurrentRender (http://localhost:3001/components.676d8258.js:22032:17)
    at performConcurrentWorkOnRoot (http://localhost:3001/components.676d8258.js:21918:17)
    at workLoop (http://localhost:3001/components.676d8258.js:24721:44)
    at flushWork (http://localhost:3001/components.676d8258.js:24703:20)
    at MessagePort.performWorkUntilDeadline (http://localhost:3001/components.676d8258.js:24907:31)
[  196574ms] [ERROR] The above error occurred in the <Listbox> component:

    at Listbox (http://localhost:3001/components.676d8258.js:79815:20)
    at div
    at FloatingFocusManager (http://localhost:3001/components.676d8258.js:32777:13)
    at SelectPopup (http://localhost:3001/components.676d8258.js:69448:13)
    at div
    at CompositeList (http://localhost:3001/components.676d8258.js:26801:13)
    at SelectPositioner (http://localhost:3001/components.676d8258.js:69216:13)
    at FloatingPortal (http://localhost:3001/components.676d8258.js:33590:13)
    at SelectPortal (http://localhost:3001/components.676d8258.js:69091:67)
    at Popup (http://localhost:3001/components.676d8258.js:79788:18)
    at div
    at SelectRoot (http://localhost:3001/components.676d8258.js:68211:13)
    at Root (http://localhost:3001/components.676d8258.js:79710:17)
    at div
    at div
    at section
    at div
    at App (http://localhost:3001/components.676d8258.js:25014:57)

Consider adding an error boundary to your tree to customize error handling behavior.
Visit https://reactjs.org/link/error-boundaries to learn more about error boundaries. @ http://localhost:3001/components.676d8258.js:78275
[  196576ms] Error: Element type is invalid: expected a string (for built-in components) or a class/function (for composite components) but got: undefined. You likely forgot to export your component from the file it's defined in, or you might have mixed up default and named imports.

Check the render method of `Listbox`.
    at createFiberFromTypeAndProps (http://localhost:3001/components.676d8258.js:23632:23)
    at createFiberFromElement (http://localhost:3001/components.676d8258.js:23647:21)
    at reconcileSingleElement (http://localhost:3001/components.676d8258.js:13756:33)
    at reconcileChildFibers (http://localhost:3001/components.676d8258.js:13801:49)
    at reconcileChildren (http://localhost:3001/components.676d8258.js:17530:32)
    at mountIndeterminateComponent (http://localhost:3001/components.676d8258.js:18169:13)
    at beginWork (http://localhost:3001/components.676d8258.js:19157:24)
    at beginWork$1 (http://localhost:3001/components.676d8258.js:23001:20)
    at performUnitOfWork (http://localhost:3001/components.676d8258.js:22433:20)
    at workLoopSync (http://localhost:3001/components.676d8258.js:22377:39)
    at renderRootSync (http://localhost:3001/components.676d8258.js:22360:13)
    at recoverFromConcurrentError (http://localhost:3001/components.676d8258.js:21948:26)
    at performSyncWorkOnRoot (http://localhost:3001/components.676d8258.js:22109:30)
    at flushSyncCallbacks (http://localhost:3001/components.676d8258.js:12457:35)
    at commitRootImpl (http://localhost:3001/components.676d8258.js:22698:9)
    at commitRoot (http://localhost:3001/components.676d8258.js:22524:13)
    at finishConcurrentRender (http://localhost:3001/components.676d8258.js:22032:17)
    at performConcurrentWorkOnRoot (http://localhost:3001/components.676d8258.js:21918:17)
    at workLoop (http://localhost:3001/components.676d8258.js:24721:44)
    at flushWork (http://localhost:3001/components.676d8258.js:24703:20)
    at MessagePort.performWorkUntilDeadline (http://localhost:3001/components.676d8258.js:24907:31)
[  207667ms] [LOG] Could not get the stack frames of error: TypeError: Failed to fetch
    at $df495b51087c401c$export$35b6448019ed80b8 (http://localhost:3001/components.676d8258.js:78191:21)
    at http://localhost:3001/components.676d8258.js:78212:9
    at http://localhost:3001/components.676d8258.js:78284:58
    at console.<computed> [as error] (http://localhost:3001/components.676d8258.js:78274:13)
    at printWarning (http://localhost:3001/components.676d8258.js:806:34)
    at error (http://localhost:3001/components.676d8258.js:789:9)
    at jsxWithValidation (http://localhost:3001/components.676d8258.js:1550:13)
    at Listbox (http://localhost:3001/components.676d8258.js:79816:52)
    at renderWithHooks (http://localhost:3001/components.676d8258.js:14754:24)
    at mountIndeterminateComponent (http://localhost:3001/components.676d8258.js:18120:17)
    at beginWork (http://localhost:3001/components.676d8258.js:19157:24)
    at beginWork$1 (http://localhost:3001/components.676d8258.js:23001:20)
    at performUnitOfWork (http://localhost:3001/components.676d8258.js:22433:20)
    at workLoopSync (http://localhost:3001/components.676d8258.js:22377:39)
    at renderRootSync (http://localhost:3001/components.676d8258.js:22360:13)
    at recoverFromConcurrentError (http://localhost:3001/components.676d8258.js:21948:26)
    at performSyncWorkOnRoot (http://localhost:3001/components.676d8258.js:22109:30)
    at flushSyncCallbacks (http://localhost:3001/components.676d8258.js:12457:35)
    at commitRootImpl (http://localhost:3001/components.676d8258.js:22698:9)
    at commitRoot (http://localhost:3001/components.676d8258.js:22524:13)
    at finishConcurrentRender (http://localhost:3001/components.676d8258.js:22032:17)
    at performConcurrentWorkOnRoot (http://localhost:3001/components.676d8258.js:21918:17)
    at workLoop (http://localhost:3001/components.676d8258.js:24721:44)
    at flushWork (http://localhost:3001/components.676d8258.js:24703:20)
    at MessagePort.performWorkUntilDeadline (http://localhost:3001/components.676d8258.js:24907:31) @ http://localhost:3001/components.676d8258.js:78221
[  207667ms] [LOG] Could not get the stack frames of error: TypeError: Failed to fetch
    at $df495b51087c401c$export$35b6448019ed80b8 (http://localhost:3001/components.676d8258.js:78191:21)
    at http://localhost:3001/components.676d8258.js:78212:9
    at http://localhost:3001/components.676d8258.js:78281:63
    at $883a43040cbd0629$var$errorHandler (http://localhost:3001/components.676d8258.js:78011:33) @ http://localhost:3001/components.676d8258.js:78221
[  207667ms] [LOG] Could not get the stack frames of error: TypeError: Failed to fetch
    at $df495b51087c401c$export$35b6448019ed80b8 (http://localhost:3001/components.676d8258.js:78191:21)
    at http://localhost:3001/components.676d8258.js:78212:9
    at http://localhost:3001/components.676d8258.js:78284:58
    at console.<computed> [as error] (http://localhost:3001/components.676d8258.js:78274:13)
    at printWarning (http://localhost:3001/components.676d8258.js:806:34)
    at error (http://localhost:3001/components.676d8258.js:789:9)
    at jsxWithValidation (http://localhost:3001/components.676d8258.js:1550:13)
    at Listbox (http://localhost:3001/components.676d8258.js:79816:52)
    at renderWithHooks (http://localhost:3001/components.676d8258.js:14754:24)
    at mountIndeterminateComponent (http://localhost:3001/components.676d8258.js:18120:17)
    at beginWork (http://localhost:3001/components.676d8258.js:19157:24)
    at HTMLUnknownElement.callCallback (http://localhost:3001/components.676d8258.js:6774:22)
    at Object.invokeGuardedCallbackDev (http://localhost:3001/components.676d8258.js:6808:22)
    at invokeGuardedCallback (http://localhost:3001/components.676d8258.js:6855:37)
    at beginWork$1 (http://localhost:3001/components.676d8258.js:23017:13)
    at performUnitOfWork (http://localhost:3001/components.676d8258.js:22433:20)
    at workLoopSync (http://localhost:3001/components.676d8258.js:22377:39)
    at renderRootSync (http://localhost:3001/components.676d8258.js:22360:13)
    at recoverFromConcurrentError (http://localhost:3001/components.676d8258.js:21948:26)
    at performSyncWorkOnRoot (http://localhost:3001/components.676d8258.js:22109:30)
    at flushSyncCallbacks (http://localhost:3001/components.676d8258.js:12457:35)
    at commitRootImpl (http://localhost:3001/components.676d8258.js:22698:9)
    at commitRoot (http://localhost:3001/components.676d8258.js:22524:13)
    at finishConcurrentRender (http://localhost:3001/components.676d8258.js:22032:17)
    at performConcurrentWorkOnRoot (http://localhost:3001/components.676d8258.js:21918:17)
    at workLoop (http://localhost:3001/components.676d8258.js:24721:44)
    at flushWork (http://localhost:3001/components.676d8258.js:24703:20)
    at MessagePort.performWorkUntilDeadline (http://localhost:3001/components.676d8258.js:24907:31) @ http://localhost:3001/components.676d8258.js:78221
[  207667ms] [LOG] Could not get the stack frames of error: TypeError: Failed to fetch
    at $df495b51087c401c$export$35b6448019ed80b8 (http://localhost:3001/components.676d8258.js:78191:21)
    at http://localhost:3001/components.676d8258.js:78212:9
    at http://localhost:3001/components.676d8258.js:78281:63
    at $883a43040cbd0629$var$errorHandler (http://localhost:3001/components.676d8258.js:78011:33)
    at Object.invokeGuardedCallbackDev (http://localhost:3001/components.676d8258.js:6808:22)
    at invokeGuardedCallback (http://localhost:3001/components.676d8258.js:6855:37)
    at beginWork$1 (http://localhost:3001/components.676d8258.js:23017:13)
    at performUnitOfWork (http://localhost:3001/components.676d8258.js:22433:20)
    at workLoopSync (http://localhost:3001/components.676d8258.js:22377:39)
    at renderRootSync (http://localhost:3001/components.676d8258.js:22360:13)
    at recoverFromConcurrentError (http://localhost:3001/components.676d8258.js:21948:26)
    at performSyncWorkOnRoot (http://localhost:3001/components.676d8258.js:22109:30)
    at flushSyncCallbacks (http://localhost:3001/components.676d8258.js:12457:35)
    at commitRootImpl (http://localhost:3001/components.676d8258.js:22698:9)
    at commitRoot (http://localhost:3001/components.676d8258.js:22524:13)
    at finishConcurrentRender (http://localhost:3001/components.676d8258.js:22032:17)
    at performConcurrentWorkOnRoot (http://localhost:3001/components.676d8258.js:21918:17)
    at workLoop (http://localhost:3001/components.676d8258.js:24721:44)
    at flushWork (http://localhost:3001/components.676d8258.js:24703:20)
    at MessagePort.performWorkUntilDeadline (http://localhost:3001/components.676d8258.js:24907:31) @ http://localhost:3001/components.676d8258.js:78221
[  207668ms] [LOG] Could not get the stack frames of error: TypeError: Failed to fetch
    at $df495b51087c401c$export$35b6448019ed80b8 (http://localhost:3001/components.676d8258.js:78191:21)
    at http://localhost:3001/components.676d8258.js:78212:9
    at http://localhost:3001/components.676d8258.js:78284:58
    at console.<computed> [as error] (http://localhost:3001/components.676d8258.js:78274:13)
    at logCapturedError (http://localhost:3001/components.676d8258.js:17174:29)
    at update.callback (http://localhost:3001/components.676d8258.js:17196:13)
    at callCallback (http://localhost:3001/components.676d8258.js:14468:18)
    at commitUpdateQueue (http://localhost:3001/components.676d8258.js:14485:17)
    at commitLayoutEffectOnFiber (http://localhost:3001/components.676d8258.js:20301:21)
    at commitLayoutMountEffects_complete (http://localhost:3001/components.676d8258.js:21133:21)
    at commitLayoutEffects_begin (http://localhost:3001/components.676d8258.js:21123:20)
    at commitLayoutEffects (http://localhost:3001/components.676d8258.js:21074:9)
    at commitRootImpl (http://localhost:3001/components.676d8258.js:22616:13)
    at commitRoot (http://localhost:3001/components.676d8258.js:22524:13)
    at performSyncWorkOnRoot (http://localhost:3001/components.676d8258.js:22125:9)
    at flushSyncCallbacks (http://localhost:3001/components.676d8258.js:12457:35)
    at commitRootImpl (http://localhost:3001/components.676d8258.js:22698:9)
    at commitRoot (http://localhost:3001/components.676d8258.js:22524:13)
    at finishConcurrentRender (http://localhost:3001/components.676d8258.js:22032:17)
    at performConcurrentWorkOnRoot (http://localhost:3001/components.676d8258.js:21918:17)
    at workLoop (http://localhost:3001/components.676d8258.js:24721:44)
    at flushWork (http://localhost:3001/components.676d8258.js:24703:20)
    at MessagePort.performWorkUntilDeadline (http://localhost:3001/components.676d8258.js:24907:31) @ http://localhost:3001/components.676d8258.js:78221
[  207668ms] [LOG] Could not get the stack frames of error: TypeError: Failed to fetch
    at $df495b51087c401c$export$35b6448019ed80b8 (http://localhost:3001/components.676d8258.js:78191:21)
    at http://localhost:3001/components.676d8258.js:78212:9
    at http://localhost:3001/components.676d8258.js:78284:58
    at console.<computed> [as error] (http://localhost:3001/components.676d8258.js:78274:13)
    at printWarning (http://localhost:3001/components.676d8258.js:806:34)
    at error (http://localhost:3001/components.676d8258.js:789:9)
    at jsxWithValidation (http://localhost:3001/components.676d8258.js:1550:13)
    at Listbox (http://localhost:3001/components.676d8258.js:79816:52)
    at renderWithHooks (http://localhost:3001/components.676d8258.js:14754:24)
    at mountIndeterminateComponent (http://localhost:3001/components.676d8258.js:18120:17)
    at beginWork (http://localhost:3001/components.676d8258.js:19157:24)
    at HTMLUnknownElement.callCallback (http://localhost:3001/components.676d8258.js:6774:22)
    at Object.invokeGuardedCallbackDev (http://localhost:3001/components.676d8258.js:6808:22)
    at invokeGuardedCallback (http://localhost:3001/components.676d8258.js:6855:37)
    at beginWork$1 (http://localhost:3001/components.676d8258.js:23017:13)
    at performUnitOfWork (http://localhost:3001/components.676d8258.js:22433:20)
    at workLoopSync (http://localhost:3001/components.676d8258.js:22377:39)
    at renderRootSync (http://localhost:3001/components.676d8258.js:22360:13)
    at performSyncWorkOnRoot (http://localhost:3001/components.676d8258.js:22100:26)
    at flushSyncCallbacks (http://localhost:3001/components.676d8258.js:12457:35)
    at commitRootImpl (http://localhost:3001/components.676d8258.js:22698:9)
    at commitRoot (http://localhost:3001/components.676d8258.js:22524:13)
    at finishConcurrentRender (http://localhost:3001/components.676d8258.js:22032:17)
    at performConcurrentWorkOnRoot (http://localhost:3001/components.676d8258.js:21918:17)
    at workLoop (http://localhost:3001/components.676d8258.js:24721:44)
    at flushWork (http://localhost:3001/components.676d8258.js:24703:20)
    at MessagePort.performWorkUntilDeadline (http://localhost:3001/components.676d8258.js:24907:31) @ http://localhost:3001/components.676d8258.js:78221
[  207668ms] [LOG] Could not get the stack frames of error: TypeError: Failed to fetch
    at $df495b51087c401c$export$35b6448019ed80b8 (http://localhost:3001/components.676d8258.js:78191:21)
    at http://localhost:3001/components.676d8258.js:78212:9
    at http://localhost:3001/components.676d8258.js:78284:58
    at console.<computed> [as error] (http://localhost:3001/components.676d8258.js:78274:13)
    at printWarning (http://localhost:3001/components.676d8258.js:806:34)
    at error (http://localhost:3001/components.676d8258.js:789:9)
    at jsxWithValidation (http://localhost:3001/components.676d8258.js:1550:13)
    at Listbox (http://localhost:3001/components.676d8258.js:79816:52)
    at renderWithHooks (http://localhost:3001/components.676d8258.js:14754:24)
    at mountIndeterminateComponent (http://localhost:3001/components.676d8258.js:18120:17)
    at beginWork (http://localhost:3001/components.676d8258.js:19157:24)
    at beginWork$1 (http://localhost:3001/components.676d8258.js:23001:20)
    at performUnitOfWork (http://localhost:3001/components.676d8258.js:22433:20)
    at workLoopSync (http://localhost:3001/components.676d8258.js:22377:39)
    at renderRootSync (http://localhost:3001/components.676d8258.js:22360:13)
    at performSyncWorkOnRoot (http://localhost:3001/components.676d8258.js:22100:26)
    at flushSyncCallbacks (http://localhost:3001/components.676d8258.js:12457:35)
    at commitRootImpl (http://localhost:3001/components.676d8258.js:22698:9)
    at commitRoot (http://localhost:3001/components.676d8258.js:22524:13)
    at finishConcurrentRender (http://localhost:3001/components.676d8258.js:22032:17)
    at performConcurrentWorkOnRoot (http://localhost:3001/components.676d8258.js:21918:17)
    at workLoop (http://localhost:3001/components.676d8258.js:24721:44)
    at flushWork (http://localhost:3001/components.676d8258.js:24703:20)
    at MessagePort.performWorkUntilDeadline (http://localhost:3001/components.676d8258.js:24907:31) @ http://localhost:3001/components.676d8258.js:78221
[  207915ms] [INFO] %cDownload the React DevTools for a better development experience: https://reactjs.org/link/react-devtools font-weight:bold @ http://localhost:3001/components.676d8258.js:24510
[  219116ms] [ERROR] Warning: React.jsx: type is invalid -- expected a string (for built-in components) or a class/function (for composite components) but got: %s.%s%s undefined  You likely forgot to export your component from the file it's defined in, or you might have mixed up default and named imports.

Check your code at Select.tsx:87. 
    at Listbox (http://localhost:3001/components.676d8258.js:79815:20)
    at div
    at FloatingFocusManager (http://localhost:3001/components.676d8258.js:32777:13)
    at SelectPopup (http://localhost:3001/components.676d8258.js:69448:13)
    at div
    at CompositeList (http://localhost:3001/components.676d8258.js:26801:13)
    at SelectPositioner (http://localhost:3001/components.676d8258.js:69216:13)
    at FloatingPortal (http://localhost:3001/components.676d8258.js:33590:13)
    at SelectPortal (http://localhost:3001/components.676d8258.js:69091:67)
    at Popup (http://localhost:3001/components.676d8258.js:79788:18)
    at div
    at SelectRoot (http://localhost:3001/components.676d8258.js:68211:13)
    at Root (http://localhost:3001/components.676d8258.js:79710:17)
    at div
    at div
    at section
    at div
    at App (http://localhost:3001/components.676d8258.js:25014:57) @ http://localhost:3001/components.676d8258.js:78275
[  219117ms] [ERROR] Warning: React.jsx: type is invalid -- expected a string (for built-in components) or a class/function (for composite components) but got: %s.%s%s undefined  You likely forgot to export your component from the file it's defined in, or you might have mixed up default and named imports.

Check your code at Select.tsx:87. 
    at Listbox (http://localhost:3001/components.676d8258.js:79815:20)
    at div
    at FloatingFocusManager (http://localhost:3001/components.676d8258.js:32777:13)
    at SelectPopup (http://localhost:3001/components.676d8258.js:69448:13)
    at div
    at CompositeList (http://localhost:3001/components.676d8258.js:26801:13)
    at SelectPositioner (http://localhost:3001/components.676d8258.js:69216:13)
    at FloatingPortal (http://localhost:3001/components.676d8258.js:33590:13)
    at SelectPortal (http://localhost:3001/components.676d8258.js:69091:67)
    at Popup (http://localhost:3001/components.676d8258.js:79788:18)
    at div
    at SelectRoot (http://localhost:3001/components.676d8258.js:68211:13)
    at Root (http://localhost:3001/components.676d8258.js:79710:17)
    at div
    at div
    at section
    at div
    at App (http://localhost:3001/components.676d8258.js:25014:57) @ http://localhost:3001/components.676d8258.js:78275
[  219119ms] Error: Element type is invalid: expected a string (for built-in components) or a class/function (for composite components) but got: undefined. You likely forgot to export your component from the file it's defined in, or you might have mixed up default and named imports.

Check the render method of `Listbox`.
    at createFiberFromTypeAndProps (http://localhost:3001/components.676d8258.js:23632:23)
    at createFiberFromElement (http://localhost:3001/components.676d8258.js:23647:21)
    at reconcileSingleElement (http://localhost:3001/components.676d8258.js:13756:33)
    at reconcileChildFibers (http://localhost:3001/components.676d8258.js:13801:49)
    at reconcileChildren (http://localhost:3001/components.676d8258.js:17530:32)
    at mountIndeterminateComponent (http://localhost:3001/components.676d8258.js:18169:13)
    at beginWork (http://localhost:3001/components.676d8258.js:19157:24)
    at HTMLUnknownElement.callCallback (http://localhost:3001/components.676d8258.js:6774:22)
    at Object.invokeGuardedCallbackDev (http://localhost:3001/components.676d8258.js:6808:22)
    at invokeGuardedCallback (http://localhost:3001/components.676d8258.js:6855:37)
    at beginWork$1 (http://localhost:3001/components.676d8258.js:23017:13)
    at performUnitOfWork (http://localhost:3001/components.676d8258.js:22433:20)
    at workLoopSync (http://localhost:3001/components.676d8258.js:22377:39)
    at renderRootSync (http://localhost:3001/components.676d8258.js:22360:13)
    at performSyncWorkOnRoot (http://localhost:3001/components.676d8258.js:22100:26)
    at flushSyncCallbacks (http://localhost:3001/components.676d8258.js:12457:35)
    at commitRootImpl (http://localhost:3001/components.676d8258.js:22698:9)
    at commitRoot (http://localhost:3001/components.676d8258.js:22524:13)
    at finishConcurrentRender (http://localhost:3001/components.676d8258.js:22032:17)
    at performConcurrentWorkOnRoot (http://localhost:3001/components.676d8258.js:21918:17)
    at workLoop (http://localhost:3001/components.676d8258.js:24721:44)
    at flushWork (http://localhost:3001/components.676d8258.js:24703:20)
    at MessagePort.performWorkUntilDeadline (http://localhost:3001/components.676d8258.js:24907:31)
[  219123ms] [ERROR] Warning: React.jsx: type is invalid -- expected a string (for built-in components) or a class/function (for composite components) but got: %s.%s%s undefined  You likely forgot to export your component from the file it's defined in, or you might have mixed up default and named imports.

Check your code at Select.tsx:87. 
    at Listbox (http://localhost:3001/components.676d8258.js:79815:20)
    at div
    at FloatingFocusManager (http://localhost:3001/components.676d8258.js:32777:13)
    at SelectPopup (http://localhost:3001/components.676d8258.js:69448:13)
    at div
    at CompositeList (http://localhost:3001/components.676d8258.js:26801:13)
    at SelectPositioner (http://localhost:3001/components.676d8258.js:69216:13)
    at FloatingPortal (http://localhost:3001/components.676d8258.js:33590:13)
    at SelectPortal (http://localhost:3001/components.676d8258.js:69091:67)
    at Popup (http://localhost:3001/components.676d8258.js:79788:18)
    at div
    at SelectRoot (http://localhost:3001/components.676d8258.js:68211:13)
    at Root (http://localhost:3001/components.676d8258.js:79710:17)
    at div
    at div
    at section
    at div
    at App (http://localhost:3001/components.676d8258.js:25014:57) @ http://localhost:3001/components.676d8258.js:78275
[  219125ms] [ERROR] Warning: React.jsx: type is invalid -- expected a string (for built-in components) or a class/function (for composite components) but got: %s.%s%s undefined  You likely forgot to export your component from the file it's defined in, or you might have mixed up default and named imports.

Check your code at Select.tsx:87. 
    at Listbox (http://localhost:3001/components.676d8258.js:79815:20)
    at div
    at FloatingFocusManager (http://localhost:3001/components.676d8258.js:32777:13)
    at SelectPopup (http://localhost:3001/components.676d8258.js:69448:13)
    at div
    at CompositeList (http://localhost:3001/components.676d8258.js:26801:13)
    at SelectPositioner (http://localhost:3001/components.676d8258.js:69216:13)
    at FloatingPortal (http://localhost:3001/components.676d8258.js:33590:13)
    at SelectPortal (http://localhost:3001/components.676d8258.js:69091:67)
    at Popup (http://localhost:3001/components.676d8258.js:79788:18)
    at div
    at SelectRoot (http://localhost:3001/components.676d8258.js:68211:13)
    at Root (http://localhost:3001/components.676d8258.js:79710:17)
    at div
    at div
    at section
    at div
    at App (http://localhost:3001/components.676d8258.js:25014:57) @ http://localhost:3001/components.676d8258.js:78275
[  219127ms] Error: Element type is invalid: expected a string (for built-in components) or a class/function (for composite components) but got: undefined. You likely forgot to export your component from the file it's defined in, or you might have mixed up default and named imports.

Check the render method of `Listbox`.
    at createFiberFromTypeAndProps (http://localhost:3001/components.676d8258.js:23632:23)
    at createFiberFromElement (http://localhost:3001/components.676d8258.js:23647:21)
    at reconcileSingleElement (http://localhost:3001/components.676d8258.js:13756:33)
    at reconcileChildFibers (http://localhost:3001/components.676d8258.js:13801:49)
    at reconcileChildren (http://localhost:3001/components.676d8258.js:17530:32)
    at mountIndeterminateComponent (http://localhost:3001/components.676d8258.js:18169:13)
    at beginWork (http://localhost:3001/components.676d8258.js:19157:24)
    at HTMLUnknownElement.callCallback (http://localhost:3001/components.676d8258.js:6774:22)
    at Object.invokeGuardedCallbackDev (http://localhost:3001/components.676d8258.js:6808:22)
    at invokeGuardedCallback (http://localhost:3001/components.676d8258.js:6855:37)
    at beginWork$1 (http://localhost:3001/components.676d8258.js:23017:13)
    at performUnitOfWork (http://localhost:3001/components.676d8258.js:22433:20)
    at workLoopSync (http://localhost:3001/components.676d8258.js:22377:39)
    at renderRootSync (http://localhost:3001/components.676d8258.js:22360:13)
    at recoverFromConcurrentError (http://localhost:3001/components.676d8258.js:21948:26)
    at performSyncWorkOnRoot (http://localhost:3001/components.676d8258.js:22109:30)
    at flushSyncCallbacks (http://localhost:3001/components.676d8258.js:12457:35)
    at commitRootImpl (http://localhost:3001/components.676d8258.js:22698:9)
    at commitRoot (http://localhost:3001/components.676d8258.js:22524:13)
    at finishConcurrentRender (http://localhost:3001/components.676d8258.js:22032:17)
    at performConcurrentWorkOnRoot (http://localhost:3001/components.676d8258.js:21918:17)
    at workLoop (http://localhost:3001/components.676d8258.js:24721:44)
    at flushWork (http://localhost:3001/components.676d8258.js:24703:20)
    at MessagePort.performWorkUntilDeadline (http://localhost:3001/components.676d8258.js:24907:31)
[  219131ms] [ERROR] The above error occurred in the <Listbox> component:

    at Listbox (http://localhost:3001/components.676d8258.js:79815:20)
    at div
    at FloatingFocusManager (http://localhost:3001/components.676d8258.js:32777:13)
    at SelectPopup (http://localhost:3001/components.676d8258.js:69448:13)
    at div
    at CompositeList (http://localhost:3001/components.676d8258.js:26801:13)
    at SelectPositioner (http://localhost:3001/components.676d8258.js:69216:13)
    at FloatingPortal (http://localhost:3001/components.676d8258.js:33590:13)
    at SelectPortal (http://localhost:3001/components.676d8258.js:69091:67)
    at Popup (http://localhost:3001/components.676d8258.js:79788:18)
    at div
    at SelectRoot (http://localhost:3001/components.676d8258.js:68211:13)
    at Root (http://localhost:3001/components.676d8258.js:79710:17)
    at div
    at div
    at section
    at div
    at App (http://localhost:3001/components.676d8258.js:25014:57)

Consider adding an error boundary to your tree to customize error handling behavior.
Visit https://reactjs.org/link/error-boundaries to learn more about error boundaries. @ http://localhost:3001/components.676d8258.js:78275
[  219132ms] Error: Element type is invalid: expected a string (for built-in components) or a class/function (for composite components) but got: undefined. You likely forgot to export your component from the file it's defined in, or you might have mixed up default and named imports.

Check the render method of `Listbox`.
    at createFiberFromTypeAndProps (http://localhost:3001/components.676d8258.js:23632:23)
    at createFiberFromElement (http://localhost:3001/components.676d8258.js:23647:21)
    at reconcileSingleElement (http://localhost:3001/components.676d8258.js:13756:33)
    at reconcileChildFibers (http://localhost:3001/components.676d8258.js:13801:49)
    at reconcileChildren (http://localhost:3001/components.676d8258.js:17530:32)
    at mountIndeterminateComponent (http://localhost:3001/components.676d8258.js:18169:13)
    at beginWork (http://localhost:3001/components.676d8258.js:19157:24)
    at beginWork$1 (http://localhost:3001/components.676d8258.js:23001:20)
    at performUnitOfWork (http://localhost:3001/components.676d8258.js:22433:20)
    at workLoopSync (http://localhost:3001/components.676d8258.js:22377:39)
    at renderRootSync (http://localhost:3001/components.676d8258.js:22360:13)
    at recoverFromConcurrentError (http://localhost:3001/components.676d8258.js:21948:26)
    at performSyncWorkOnRoot (http://localhost:3001/components.676d8258.js:22109:30)
    at flushSyncCallbacks (http://localhost:3001/components.676d8258.js:12457:35)
    at commitRootImpl (http://localhost:3001/components.676d8258.js:22698:9)
    at commitRoot (http://localhost:3001/components.676d8258.js:22524:13)
    at finishConcurrentRender (http://localhost:3001/components.676d8258.js:22032:17)
    at performConcurrentWorkOnRoot (http://localhost:3001/components.676d8258.js:21918:17)
    at workLoop (http://localhost:3001/components.676d8258.js:24721:44)
    at flushWork (http://localhost:3001/components.676d8258.js:24703:20)
    at MessagePort.performWorkUntilDeadline (http://localhost:3001/components.676d8258.js:24907:31)
